#
# A fatal error has been detected by the Java Runtime Environment:
#
#  EXCEPTION_ACCESS_VIOLATION (0xc0000005) at pc=0x000000005017c6ee, pid=19964, tid=0x000000000000360c
#
# JRE version: Java(TM) SE Runtime Environment (8.0_261-b12) (build 1.8.0_261-b12)
# Java VM: Java HotSpot(TM) 64-Bit Server VM (25.261-b12 mixed mode windows-amd64 compressed oops)
# Problematic frame:
# V  [jvm.dll+0x12c6ee]
#
# Failed to write core dump. Minidumps are not enabled by default on client versions of Windows
#
# If you would like to submit a bug report, please visit:
#   http://bugreport.java.com/bugreport/crash.jsp
#

---------------  T H R E A D  ---------------

Current thread (0x000002115940d000):  GCTaskThread [stack: 0x0000003763200000,0x0000003763300000] [id=13836]

siginfo: ExceptionCode=0xc0000005, reading address 0x00000001042e2628

Registers:
RAX=0x00000001042e2620, RBX=0x0000000000001315, RCX=0x00000000dc962378, RDX=0x00000001042e2620
RSP=0x00000037632ff6b0, RBP=0x00000037632ff760, RSI=0x000002116f374be0, RDI=0x00000000dc962378
R8 =0x00000000000019a2, R9 =0x000002116f374be0, R10=0x0000000000001316, R11=0x00000000dc962540
R12=0x000002115940d6c0, R13=0x0000000000000000, R14=0x00000000506794d0, R15=0x00000211594062a0
RIP=0x000000005017c6ee, EFLAGS=0x0000000000010202

Top of Stack: (sp=0x00000037632ff6b0)
0x00000037632ff6b0:   000002115940d6c0 00000211594062a0
0x00000037632ff6c0:   00000000dc962378 0000000000001315
0x00000037632ff6d0:   000002115949ea10 0000000050428cea
0x00000037632ff6e0:   000002115940d6c0 00000211594062a0
0x00000037632ff6f0:   0000000000001315 000002116f374be0
0x00000037632ff700:   00000000506794d0 00000000501720d2
0x00000037632ff710:   00000000822e3860 00000037632ff809
0x00000037632ff720:   0000000000000000 0000000000000004
0x00000037632ff730:   000002116f374be0 000000005016c461
0x00000037632ff740:   000002116faf91f8 0000000000000000
0x00000037632ff750:   0000000000000000 000002115940d6c0
0x00000037632ff760:   00000211594062a0 00000000506794d0
0x00000037632ff770:   000002115940d6d0 000002115949ea10
0x00000037632ff780:   000002116f374be0 000002115949ea10
0x00000037632ff790:   00000037632ff809 0000000050426600
0x00000037632ff7a0:   00000000dc962378 000002116f374be0 

Instructions: (pc=0x000000005017c6ee)
0x000000005017c6ce:   20 49 8b f8 48 8b f2 e8 c6 60 ff ff 48 8b cf e8
0x000000005017c6de:   ae 21 f5 ff 48 8b d0 48 85 c0 0f 84 97 00 00 00
0x000000005017c6ee:   83 78 08 00 7e 20 0f b6 88 10 01 00 00 c0 e9 03
0x000000005017c6fe:   f6 c1 01 74 11 48 8b 90 90 00 00 00 48 8b ce e8 


Register to memory mapping:

RAX=0x00000001042e2620 is an unknown value
RBX=0x0000000000001315 is an unknown value
RCX=0x00000000dc962378 is an oop
java.lang.Class 
 - klass: 'java/lang/Class'
RDX=0x00000001042e2620 is an unknown value
RSP=0x00000037632ff6b0 is an unknown value
RBP=0x00000037632ff760 is an unknown value
RSI=0x000002116f374be0 is an unknown value
RDI=0x00000000dc962378 is an oop
java.lang.Class 
 - klass: 'java/lang/Class'
R8 =0x00000000000019a2 is an unknown value
R9 =0x000002116f374be0 is an unknown value
R10=0x0000000000001316 is an unknown value
R11=0x00000000dc962540 is an oop
java.lang.Class$AnnotationData 
 - klass: 'java/lang/Class$AnnotationData'
R12=0x000002115940d6c0 is an unknown value
R13=0x0000000000000000 is an unknown value
R14=0x00000000506794d0 is an unknown value
R15=0x00000211594062a0 is an unknown value


Stack: [0x0000003763200000,0x0000003763300000],  sp=0x00000037632ff6b0,  free space=1021k
Native frames: (J=compiled Java code, j=interpreted, Vv=VM code, C=native code)
V  [jvm.dll+0x12c6ee]
V  [jvm.dll+0x3d8cea]
V  [jvm.dll+0x3d6600]
V  [jvm.dll+0x3d4409]
V  [jvm.dll+0x2a1cfc]
C  [ucrtbase.dll+0x21bb2]
C  [KERNEL32.DLL+0x17034]
C  [ntdll.dll+0x52651]


---------------  P R O C E S S  ---------------

Java Threads: ( => current thread )
  0x00000211728bb800 JavaThread "mysql-cj-abandoned-connection-cleanup" daemon [_thread_blocked, id=19960, stack(0x0000003764900000,0x0000003764a00000)]
  0x0000021172884000 JavaThread "container-0" [_thread_blocked, id=15520, stack(0x0000003764700000,0x0000003764800000)]
  0x0000021172871000 JavaThread "Catalina-utility-2" [_thread_blocked, id=20312, stack(0x0000003764800000,0x0000003764900000)]
  0x000002117286f000 JavaThread "Catalina-utility-1" [_thread_blocked, id=10704, stack(0x0000003764400000,0x0000003764500000)]
  0x0000021171518800 JavaThread "RMI Scheduler(0)" daemon [_thread_blocked, id=20228, stack(0x0000003764600000,0x0000003764700000)]
  0x00000211715f0800 JavaThread "RMI TCP Connection(1)-172.27.48.1" daemon [_thread_in_native, id=20332, stack(0x0000003764500000,0x0000003764600000)]
  0x00000211712b7800 JavaThread "restartedMain" [_thread_blocked, id=3828, stack(0x0000003764300000,0x0000003764400000)]
  0x0000021171256000 JavaThread "Thread-1" [_thread_blocked, id=20396, stack(0x0000003764200000,0x0000003764300000)]
  0x0000021170fc1800 JavaThread "RMI TCP Accept-0" daemon [_thread_in_native, id=6668, stack(0x0000003764000000,0x0000003764100000)]
  0x00000211708e0000 JavaThread "Service Thread" daemon [_thread_blocked, id=17888, stack(0x0000003763f00000,0x0000003764000000)]
  0x000002117088e000 JavaThread "C1 CompilerThread2" daemon [_thread_blocked, id=6772, stack(0x0000003763e00000,0x0000003763f00000)]
  0x0000021170845000 JavaThread "C2 CompilerThread1" daemon [_thread_blocked, id=3920, stack(0x0000003763d00000,0x0000003763e00000)]
  0x0000021170839000 JavaThread "C2 CompilerThread0" daemon [_thread_blocked, id=4944, stack(0x0000003763c00000,0x0000003763d00000)]
  0x0000021170837800 JavaThread "Monitor Ctrl-Break" daemon [_thread_in_native, id=11232, stack(0x0000003763b00000,0x0000003763c00000)]
  0x000002116f4ea800 JavaThread "Attach Listener" daemon [_thread_blocked, id=7292, stack(0x0000003763a00000,0x0000003763b00000)]
  0x000002116f494800 JavaThread "Signal Dispatcher" daemon [_thread_blocked, id=9844, stack(0x0000003763900000,0x0000003763a00000)]
  0x000002116f469800 JavaThread "Finalizer" daemon [_thread_blocked, id=6180, stack(0x0000003763800000,0x0000003763900000)]
  0x000002116f460000 JavaThread "Reference Handler" daemon [_thread_blocked, id=12020, stack(0x0000003763700000,0x0000003763800000)]
  0x00000211593f5800 JavaThread "main" [_thread_blocked, id=9280, stack(0x0000003763100000,0x0000003763200000)]

Other Threads:
  0x000002116f437800 VMThread [stack: 0x0000003763600000,0x0000003763700000] [id=12204]
  0x0000021170fc8800 WatcherThread [stack: 0x0000003764100000,0x0000003764200000] [id=8176]

=>0x000002115940d000 (exited) GCTaskThread [stack: 0x0000003763200000,0x0000003763300000] [id=13836]

VM state:at safepoint (normal execution)

VM Mutex/Monitor currently owned by a thread:  ([mutex/lock_event])
[0x00000211593f2dc0] Threads_lock - owner thread: 0x000002116f437800
[0x00000211593f26c0] Heap_lock - owner thread: 0x00000211712b7800

heap address: 0x0000000082000000, size: 2016 MB, Compressed Oops mode: 32-bit
Narrow klass base: 0x0000000000000000, Narrow klass shift: 3
Compressed class space size: 1073741824 Address: 0x0000000100000000

Heap:
 PSYoungGen      total 115200K, used 8778K [0x00000000d6000000, 0x00000000e1580000, 0x0000000100000000)
  eden space 104960K, 0% used [0x00000000d6000000,0x00000000d6000000,0x00000000dc680000)
  from space 10240K, 85% used [0x00000000dc680000,0x00000000dcf12880,0x00000000dd080000)
  to   space 10752K, 0% used [0x00000000e0b00000,0x00000000e0b00000,0x00000000e1580000)
 ParOldGen       total 56832K, used 9162K [0x0000000082000000, 0x0000000085780000, 0x00000000d6000000)
  object space 56832K, 16% used [0x0000000082000000,0x00000000828f2a38,0x0000000085780000)
 Metaspace       used 33220K, capacity 35366K, committed 35456K, reserved 1079296K
  class space    used 4492K, capacity 4907K, committed 4992K, reserved 1048576K

Card table byte_map: [0x000002116a100000,0x000002116a500000] byte_map_base: 0x0000021169cf0000

Marking Bits: (ParMarkBitMap*) 0x0000000050844fb0
 Begin Bits: [0x000002116a7a0000, 0x000002116c720000)
 End Bits:   [0x000002116c720000, 0x000002116e6a0000)

Polling page: 0x0000021159500000

CodeCache: size=245760Kb used=6622Kb max_used=6622Kb free=239137Kb
 bounds [0x000002115ad40000, 0x000002115b3c0000, 0x0000021169d40000]
 total_blobs=3718 nmethods=3262 adapters=368
 compilation: enabled

Compilation events (10 events):
Event: 3.366 Thread 0x000002117088e000 3258       1       org.springframework.boot.web.servlet.context.ServletWebServerApplicationContext::getServletConfig (5 bytes)
Event: 3.367 Thread 0x000002117088e000 nmethod 3258 0x000002115b3b57d0 code [0x000002115b3b5920, 0x000002115b3b5a38]
Event: 3.367 Thread 0x000002117088e000 3259       1       org.springframework.web.context.support.ServletContextAwareProcessor::getServletConfig (5 bytes)
Event: 3.367 Thread 0x000002117088e000 nmethod 3259 0x000002115b3b5a90 code [0x000002115b3b5be0, 0x000002115b3b5cf8]
Event: 3.375 Thread 0x000002117088e000 3260       1       java.util.regex.Pattern::flags (5 bytes)
Event: 3.375 Thread 0x000002117088e000 nmethod 3260 0x000002115b3b5f90 code [0x000002115b3b60e0, 0x000002115b3b61f8]
Event: 3.382 Thread 0x000002117088e000 3261       1       java.lang.invoke.InnerClassLambdaMetafactory$1::run (5 bytes)
Event: 3.382 Thread 0x000002117088e000 nmethod 3261 0x000002115b3b6b10 code [0x000002115b3b6cc0, 0x000002115b3b6f20]
Event: 3.382 Thread 0x000002117088e000 3262       1       java.lang.invoke.InnerClassLambdaMetafactory$1::run (23 bytes)
Event: 3.382 Thread 0x000002117088e000 nmethod 3262 0x000002115b3b7190 code [0x000002115b3b7340, 0x000002115b3b75a0]

GC Heap History (10 events):
Event: 1.677 GC heap after
Heap after GC invocations=4 (full 0):
 PSYoungGen      total 70656K, used 5101K [0x00000000d6000000, 0x00000000daa00000, 0x0000000100000000)
  eden space 65536K, 0% used [0x00000000d6000000,0x00000000d6000000,0x00000000da000000)
  from space 5120K, 99% used [0x00000000da500000,0x00000000da9fb6c8,0x00000000daa00000)
  to   space 5120K, 0% used [0x00000000da000000,0x00000000da000000,0x00000000da500000)
 ParOldGen       total 86016K, used 7257K [0x0000000082000000, 0x0000000087400000, 0x00000000d6000000)
  object space 86016K, 8% used [0x0000000082000000,0x0000000082716600,0x0000000087400000)
 Metaspace       used 20299K, capacity 21238K, committed 21296K, reserved 1067008K
  class space    used 2683K, capacity 2912K, committed 2944K, reserved 1048576K
}
Event: 1.677 GC heap before
{Heap before GC invocations=5 (full 1):
 PSYoungGen      total 70656K, used 5101K [0x00000000d6000000, 0x00000000daa00000, 0x0000000100000000)
  eden space 65536K, 0% used [0x00000000d6000000,0x00000000d6000000,0x00000000da000000)
  from space 5120K, 99% used [0x00000000da500000,0x00000000da9fb6c8,0x00000000daa00000)
  to   space 5120K, 0% used [0x00000000da000000,0x00000000da000000,0x00000000da500000)
 ParOldGen       total 86016K, used 7257K [0x0000000082000000, 0x0000000087400000, 0x00000000d6000000)
  object space 86016K, 8% used [0x0000000082000000,0x0000000082716600,0x0000000087400000)
 Metaspace       used 20299K, capacity 21238K, committed 21296K, reserved 1067008K
  class space    used 2683K, capacity 2912K, committed 2944K, reserved 1048576K
Event: 1.699 GC heap after
Heap after GC invocations=5 (full 1):
 PSYoungGen      total 70656K, used 0K [0x00000000d6000000, 0x00000000daa00000, 0x0000000100000000)
  eden space 65536K, 0% used [0x00000000d6000000,0x00000000d6000000,0x00000000da000000)
  from space 5120K, 0% used [0x00000000da500000,0x00000000da500000,0x00000000daa00000)
  to   space 5120K, 0% used [0x00000000da000000,0x00000000da000000,0x00000000da500000)
 ParOldGen       total 56832K, used 7800K [0x0000000082000000, 0x0000000085780000, 0x00000000d6000000)
  object space 56832K, 13% used [0x0000000082000000,0x000000008279e000,0x0000000085780000)
 Metaspace       used 20299K, capacity 21238K, committed 21296K, reserved 1067008K
  class space    used 2683K, capacity 2912K, committed 2944K, reserved 1048576K
}
Event: 2.140 GC heap before
{Heap before GC invocations=6 (full 1):
 PSYoungGen      total 70656K, used 65536K [0x00000000d6000000, 0x00000000daa00000, 0x0000000100000000)
  eden space 65536K, 100% used [0x00000000d6000000,0x00000000da000000,0x00000000da000000)
  from space 5120K, 0% used [0x00000000da500000,0x00000000da500000,0x00000000daa00000)
  to   space 5120K, 0% used [0x00000000da000000,0x00000000da000000,0x00000000da500000)
 ParOldGen       total 56832K, used 7800K [0x0000000082000000, 0x0000000085780000, 0x00000000d6000000)
  object space 56832K, 13% used [0x0000000082000000,0x000000008279e000,0x0000000085780000)
 Metaspace       used 23367K, capacity 24688K, committed 24832K, reserved 1071104K
  class space    used 3163K, capacity 3472K, committed 3584K, reserved 1048576K
Event: 2.146 GC heap after
Heap after GC invocations=6 (full 1):
 PSYoungGen      total 70656K, used 5098K [0x00000000d6000000, 0x00000000dd980000, 0x0000000100000000)
  eden space 65536K, 0% used [0x00000000d6000000,0x00000000d6000000,0x00000000da000000)
  from space 5120K, 99% used [0x00000000da000000,0x00000000da4fa9b8,0x00000000da500000)
  to   space 9216K, 0% used [0x00000000dd080000,0x00000000dd080000,0x00000000dd980000)
 ParOldGen       total 56832K, used 9082K [0x0000000082000000, 0x0000000085780000, 0x00000000d6000000)
  object space 56832K, 15% used [0x0000000082000000,0x00000000828dea28,0x0000000085780000)
 Metaspace       used 23367K, capacity 24688K, committed 24832K, reserved 1071104K
  class space    used 3163K, capacity 3472K, committed 3584K, reserved 1048576K
}
Event: 2.602 GC heap before
{Heap before GC invocations=7 (full 1):
 PSYoungGen      total 70656K, used 70634K [0x00000000d6000000, 0x00000000dd980000, 0x0000000100000000)
  eden space 65536K, 100% used [0x00000000d6000000,0x00000000da000000,0x00000000da000000)
  from space 5120K, 99% used [0x00000000da000000,0x00000000da4fa9b8,0x00000000da500000)
  to   space 9216K, 0% used [0x00000000dd080000,0x00000000dd080000,0x00000000dd980000)
 ParOldGen       total 56832K, used 9082K [0x0000000082000000, 0x0000000085780000, 0x00000000d6000000)
  object space 56832K, 15% used [0x0000000082000000,0x00000000828dea28,0x0000000085780000)
 Metaspace       used 28331K, capacity 30240K, committed 30336K, reserved 1075200K
  class space    used 3832K, capacity 4196K, committed 4224K, reserved 1048576K
Event: 2.609 GC heap after
Heap after GC invocations=7 (full 1):
 PSYoungGen      total 114176K, used 8910K [0x00000000d6000000, 0x00000000dda80000, 0x0000000100000000)
  eden space 104960K, 0% used [0x00000000d6000000,0x00000000d6000000,0x00000000dc680000)
  from space 9216K, 96% used [0x00000000dd080000,0x00000000dd933818,0x00000000dd980000)
  to   space 10240K, 0% used [0x00000000dc680000,0x00000000dc680000,0x00000000dd080000)
 ParOldGen       total 56832K, used 9090K [0x0000000082000000, 0x0000000085780000, 0x00000000d6000000)
  object space 56832K, 15% used [0x0000000082000000,0x00000000828e0a28,0x0000000085780000)
 Metaspace       used 28331K, capacity 30240K, committed 30336K, reserved 1075200K
  class space    used 3832K, capacity 4196K, committed 4224K, reserved 1048576K
}
Event: 3.387 GC heap before
{Heap before GC invocations=8 (full 1):
 PSYoungGen      total 114176K, used 58870K [0x00000000d6000000, 0x00000000dda80000, 0x0000000100000000)
  eden space 104960K, 47% used [0x00000000d6000000,0x00000000d90ca008,0x00000000dc680000)
  from space 9216K, 96% used [0x00000000dd080000,0x00000000dd933818,0x00000000dd980000)
  to   space 10240K, 0% used [0x00000000dc680000,0x00000000dc680000,0x00000000dd080000)
 ParOldGen       total 56832K, used 9090K [0x0000000082000000, 0x0000000085780000, 0x00000000d6000000)
  object space 56832K, 15% used [0x0000000082000000,0x00000000828e0a28,0x0000000085780000)
 Metaspace       used 33220K, capacity 35366K, committed 35456K, reserved 1079296K
  class space    used 4492K, capacity 4907K, committed 4992K, reserved 1048576K
Event: 3.394 GC heap after
Heap after GC invocations=8 (full 1):
 PSYoungGen      total 115200K, used 8778K [0x00000000d6000000, 0x00000000e1580000, 0x0000000100000000)
  eden space 104960K, 0% used [0x00000000d6000000,0x00000000d6000000,0x00000000dc680000)
  from space 10240K, 85% used [0x00000000dc680000,0x00000000dcf12880,0x00000000dd080000)
  to   space 10752K, 0% used [0x00000000e0b00000,0x00000000e0b00000,0x00000000e1580000)
 ParOldGen       total 56832K, used 9162K [0x0000000082000000, 0x0000000085780000, 0x00000000d6000000)
  object space 56832K, 16% used [0x0000000082000000,0x00000000828f2a38,0x0000000085780000)
 Metaspace       used 33220K, capacity 35366K, committed 35456K, reserved 1079296K
  class space    used 4492K, capacity 4907K, committed 4992K, reserved 1048576K
}
Event: 3.394 GC heap before
{Heap before GC invocations=9 (full 2):
 PSYoungGen      total 115200K, used 8778K [0x00000000d6000000, 0x00000000e1580000, 0x0000000100000000)
  eden space 104960K, 0% used [0x00000000d6000000,0x00000000d6000000,0x00000000dc680000)
  from space 10240K, 85% used [0x00000000dc680000,0x00000000dcf12880,0x00000000dd080000)
  to   space 10752K, 0% used [0x00000000e0b00000,0x00000000e0b00000,0x00000000e1580000)
 ParOldGen       total 56832K, used 9162K [0x0000000082000000, 0x0000000085780000, 0x00000000d6000000)
  object space 56832K, 16% used [0x0000000082000000,0x00000000828f2a38,0x0000000085780000)
 Metaspace       used 33220K, capacity 35366K, committed 35456K, reserved 1079296K
  class space    used 4492K, capacity 4907K, committed 4992K, reserved 1048576K

Deoptimization events (0 events):
No events

Classes redefined (0 events):
No events

Internal exceptions (10 events):
Event: 2.692 Thread 0x00000211712b7800 Exception <a 'java/lang/ArrayIndexOutOfBoundsException'> (0x00000000d6f05558) thrown at [C:\jenkins\workspace\8-2-build-windows-amd64-cygwin\jdk8u261\295\hotspot\src\share\vm\runtime\sharedRuntime.cpp, line 605]
Event: 2.692 Thread 0x00000211712b7800 Exception <a 'java/lang/ArrayIndexOutOfBoundsException'> (0x00000000d6f10e68) thrown at [C:\jenkins\workspace\8-2-build-windows-amd64-cygwin\jdk8u261\295\hotspot\src\share\vm\runtime\sharedRuntime.cpp, line 605]
Event: 2.692 Thread 0x00000211712b7800 Exception <a 'java/lang/ArrayIndexOutOfBoundsException'> (0x00000000d6f1cd10) thrown at [C:\jenkins\workspace\8-2-build-windows-amd64-cygwin\jdk8u261\295\hotspot\src\share\vm\runtime\sharedRuntime.cpp, line 605]
Event: 2.693 Thread 0x00000211712b7800 Exception <a 'java/lang/ArrayIndexOutOfBoundsException'> (0x00000000d6f27e98) thrown at [C:\jenkins\workspace\8-2-build-windows-amd64-cygwin\jdk8u261\295\hotspot\src\share\vm\runtime\sharedRuntime.cpp, line 605]
Event: 2.693 Thread 0x00000211712b7800 Exception <a 'java/lang/ArrayIndexOutOfBoundsException'> (0x00000000d6f32d78) thrown at [C:\jenkins\workspace\8-2-build-windows-amd64-cygwin\jdk8u261\295\hotspot\src\share\vm\runtime\sharedRuntime.cpp, line 605]
Event: 2.693 Thread 0x00000211712b7800 Exception <a 'java/lang/ArrayIndexOutOfBoundsException'> (0x00000000d6f3e920) thrown at [C:\jenkins\workspace\8-2-build-windows-amd64-cygwin\jdk8u261\295\hotspot\src\share\vm\runtime\sharedRuntime.cpp, line 605]
Event: 2.694 Thread 0x00000211712b7800 Exception <a 'java/lang/ArrayIndexOutOfBoundsException'> (0x00000000d6f4fd78) thrown at [C:\jenkins\workspace\8-2-build-windows-amd64-cygwin\jdk8u261\295\hotspot\src\share\vm\runtime\sharedRuntime.cpp, line 605]
Event: 2.694 Thread 0x00000211712b7800 Exception <a 'java/lang/ArrayIndexOutOfBoundsException'> (0x00000000d6f5b9c8) thrown at [C:\jenkins\workspace\8-2-build-windows-amd64-cygwin\jdk8u261\295\hotspot\src\share\vm\runtime\sharedRuntime.cpp, line 605]
Event: 2.799 Thread 0x00000211712b7800 Exception <a 'java/lang/ArrayIndexOutOfBoundsException'> (0x00000000d7c319c8) thrown at [C:\jenkins\workspace\8-2-build-windows-amd64-cygwin\jdk8u261\295\hotspot\src\share\vm\runtime\sharedRuntime.cpp, line 605]
Event: 3.052 Thread 0x00000211715f0800 Exception <a 'java/lang/reflect/InvocationTargetException'> (0x00000000d893efb8) thrown at [C:\jenkins\workspace\8-2-build-windows-amd64-cygwin\jdk8u261\295\hotspot\src\share\vm\runtime\reflection.cpp, line 1092]

Events (10 events):
Event: 3.386 loading class com/mysql/cj/util/Util done
Event: 3.386 loading class com/mysql/cj/Constants
Event: 3.386 loading class com/mysql/cj/Constants done
Event: 3.387 loading class com/mysql/cj/Messages
Event: 3.387 loading class com/mysql/cj/Messages done
Event: 3.387 loading class com/mysql/cj/LocalizedErrorMessages
Event: 3.387 loading class com/mysql/cj/LocalizedErrorMessages done
Event: 3.387 loading class java/util/jar/JarFile$JarEntryIterator
Event: 3.387 loading class java/util/jar/JarFile$JarEntryIterator done
Event: 3.387 Executing VM operation: CollectForMetadataAllocation


Dynamic libraries:
0x00007ff70bd80000 - 0x00007ff70bdc7000 	C:\Program Files\Java\jdk1.8.0_261\bin\java.exe
0x00007ff95cbd0000 - 0x00007ff95cdc5000 	C:\Windows\SYSTEM32\ntdll.dll
0x00007ff95c940000 - 0x00007ff95c9fd000 	C:\Windows\System32\KERNEL32.DLL
0x00007ff95a960000 - 0x00007ff95ac28000 	C:\Windows\System32\KERNELBASE.dll
0x00007ff95c890000 - 0x00007ff95c93c000 	C:\Windows\System32\ADVAPI32.dll
0x00007ff95b0a0000 - 0x00007ff95b13e000 	C:\Windows\System32\msvcrt.dll
0x00007ff95b690000 - 0x00007ff95b72b000 	C:\Windows\System32\sechost.dll
0x00007ff95b320000 - 0x00007ff95b44b000 	C:\Windows\System32\RPCRT4.dll
0x00007ff95c0b0000 - 0x00007ff95c250000 	C:\Windows\System32\USER32.dll
0x00007ff95a4a0000 - 0x00007ff95a4c2000 	C:\Windows\System32\win32u.dll
0x00007ff95b890000 - 0x00007ff95b8ba000 	C:\Windows\System32\GDI32.dll
0x00007ff95a310000 - 0x00007ff95a41b000 	C:\Windows\System32\gdi32full.dll
0x00007ff95a500000 - 0x00007ff95a59d000 	C:\Windows\System32\msvcp_win.dll
0x00007ff95a5a0000 - 0x00007ff95a6a0000 	C:\Windows\System32\ucrtbase.dll
0x00007ff9410a0000 - 0x00007ff94133a000 	C:\Windows\WinSxS\amd64_microsoft.windows.common-controls_6595b64144ccf1df_6.0.19041.844_none_ca00b6081b84eb1d\COMCTL32.dll
0x00007ff95b8c0000 - 0x00007ff95b8f0000 	C:\Windows\System32\IMM32.DLL
0x00007ff955dd0000 - 0x00007ff955de5000 	C:\Program Files\Java\jdk1.8.0_261\jre\bin\vcruntime140.dll
0x00007ff940f50000 - 0x00007ff940feb000 	C:\Program Files\Java\jdk1.8.0_261\jre\bin\msvcp140.dll
0x0000000050050000 - 0x00000000508bc000 	C:\Program Files\Java\jdk1.8.0_261\jre\bin\server\jvm.dll
0x00007ff95c880000 - 0x00007ff95c888000 	C:\Windows\System32\PSAPI.DLL
0x00007ff946d70000 - 0x00007ff946d79000 	C:\Windows\SYSTEM32\WSOCK32.dll
0x00007ff95c040000 - 0x00007ff95c0ab000 	C:\Windows\System32\WS2_32.dll
0x00007ff938f50000 - 0x00007ff938f77000 	C:\Windows\SYSTEM32\WINMM.dll
0x00007ff94fae0000 - 0x00007ff94faea000 	C:\Windows\SYSTEM32\VERSION.dll
0x00007ff958bc0000 - 0x00007ff958bd2000 	C:\Windows\SYSTEM32\kernel.appcore.dll
0x00007ff94f790000 - 0x00007ff94f7a0000 	C:\Program Files\Java\jdk1.8.0_261\jre\bin\verify.dll
0x00007ff94c360000 - 0x00007ff94c38b000 	C:\Program Files\Java\jdk1.8.0_261\jre\bin\java.dll
0x00007ff94c260000 - 0x00007ff94c292000 	C:\Program Files\Java\jdk1.8.0_261\jre\bin\instrument.dll
0x00007ff94c340000 - 0x00007ff94c358000 	C:\Program Files\Java\jdk1.8.0_261\jre\bin\zip.dll
0x00007ff95b8f0000 - 0x00007ff95c032000 	C:\Windows\System32\SHELL32.dll
0x00007ff958410000 - 0x00007ff958ba1000 	C:\Windows\SYSTEM32\windows.storage.dll
0x00007ff95c250000 - 0x00007ff95c5a5000 	C:\Windows\System32\combase.dll
0x00007ff959be0000 - 0x00007ff959c0c000 	C:\Windows\SYSTEM32\Wldp.dll
0x00007ff95b7e0000 - 0x00007ff95b88e000 	C:\Windows\System32\SHCORE.dll
0x00007ff95b260000 - 0x00007ff95b2b5000 	C:\Windows\System32\shlwapi.dll
0x00007ff95a250000 - 0x00007ff95a26f000 	C:\Windows\SYSTEM32\profapi.dll
0x00007ff943c50000 - 0x00007ff943c6a000 	C:\Program Files\JetBrains\IntelliJ IDEA 2021.1\bin\breakgen64.dll
0x00007ff94c320000 - 0x00007ff94c33c000 	C:\Program Files\Java\jdk1.8.0_261\jre\bin\net.dll
0x00007ff9599c0000 - 0x00007ff959a2a000 	C:\Windows\system32\mswsock.dll
0x00007ff959710000 - 0x00007ff9597dc000 	C:\Windows\SYSTEM32\DNSAPI.dll
0x00007ff9596d0000 - 0x00007ff95970b000 	C:\Windows\SYSTEM32\IPHLPAPI.DLL
0x00007ff95b140000 - 0x00007ff95b148000 	C:\Windows\System32\NSI.dll
0x0000000051570000 - 0x0000000051596000 	C:\Program Files\Bonjour\mdnsNSP.dll
0x00007ff94d120000 - 0x00007ff94d12a000 	C:\Windows\System32\rasadhlp.dll
0x00007ff952220000 - 0x00007ff95229f000 	C:\Windows\System32\fwpuclnt.dll
0x00007ff95a4d0000 - 0x00007ff95a4f7000 	C:\Windows\System32\bcrypt.dll
0x00007ff94f780000 - 0x00007ff94f78d000 	C:\Program Files\Java\jdk1.8.0_261\jre\bin\management.dll
0x00007ff944d40000 - 0x00007ff944d53000 	C:\Program Files\Java\jdk1.8.0_261\jre\bin\nio.dll
0x00007ff959c20000 - 0x00007ff959c38000 	C:\Windows\SYSTEM32\CRYPTSP.dll
0x00007ff959380000 - 0x00007ff9593b4000 	C:\Windows\system32\rsaenh.dll
0x00007ff95a210000 - 0x00007ff95a23e000 	C:\Windows\SYSTEM32\USERENV.dll
0x00007ff95a420000 - 0x00007ff95a4a0000 	C:\Windows\System32\bcryptprimitives.dll
0x00007ff959b40000 - 0x00007ff959b4c000 	C:\Windows\SYSTEM32\CRYPTBASE.dll
0x00007ff952bc0000 - 0x00007ff952bd7000 	C:\Windows\SYSTEM32\dhcpcsvc6.DLL
0x00007ff952b40000 - 0x00007ff952b5d000 	C:\Windows\SYSTEM32\dhcpcsvc.DLL
0x00007ff940960000 - 0x00007ff940977000 	C:\Windows\system32\napinsp.dll
0x00007ff940840000 - 0x00007ff94085b000 	C:\Windows\system32\pnrpnsp.dll
0x00007ff955240000 - 0x00007ff955255000 	C:\Windows\system32\wshbth.dll
0x00007ff955ab0000 - 0x00007ff955acd000 	C:\Windows\system32\NLAapi.dll
0x00007ff940820000 - 0x00007ff940832000 	C:\Windows\System32\winrnr.dll
0x00007ff952f50000 - 0x00007ff953134000 	C:\Windows\SYSTEM32\dbghelp.dll

VM Arguments:
jvm_args: -XX:TieredStopAtLevel=1 -Xverify:none -Dspring.output.ansi.enabled=always -javaagent:C:\Program Files\JetBrains\IntelliJ IDEA 2021.1\lib\idea_rt.jar=54180:C:\Program Files\JetBrains\IntelliJ IDEA 2021.1\bin -Dcom.sun.management.jmxremote -Dspring.jmx.enabled=true -Dspring.liveBeansView.mbeanDomain -Dspring.application.admin.enabled=true -Dfile.encoding=UTF-8 
java_command: com.ys.secu.SpringSecuApplication
java_class_path (initial): C:\Program Files\Java\jdk1.8.0_261\jre\lib\charsets.jar;C:\Program Files\Java\jdk1.8.0_261\jre\lib\deploy.jar;C:\Program Files\Java\jdk1.8.0_261\jre\lib\ext\access-bridge-64.jar;C:\Program Files\Java\jdk1.8.0_261\jre\lib\ext\cldrdata.jar;C:\Program Files\Java\jdk1.8.0_261\jre\lib\ext\dnsns.jar;C:\Program Files\Java\jdk1.8.0_261\jre\lib\ext\jaccess.jar;C:\Program Files\Java\jdk1.8.0_261\jre\lib\ext\jfxrt.jar;C:\Program Files\Java\jdk1.8.0_261\jre\lib\ext\localedata.jar;C:\Program Files\Java\jdk1.8.0_261\jre\lib\ext\nashorn.jar;C:\Program Files\Java\jdk1.8.0_261\jre\lib\ext\sunec.jar;C:\Program Files\Java\jdk1.8.0_261\jre\lib\ext\sunjce_provider.jar;C:\Program Files\Java\jdk1.8.0_261\jre\lib\ext\sunmscapi.jar;C:\Program Files\Java\jdk1.8.0_261\jre\lib\ext\sunpkcs11.jar;C:\Program Files\Java\jdk1.8.0_261\jre\lib\ext\zipfs.jar;C:\Program Files\Java\jdk1.8.0_261\jre\lib\javaws.jar;C:\Program Files\Java\jdk1.8.0_261\jre\lib\jce.jar;C:\Program Files\Java\jdk1.8.0_261\jre\lib\jfr.jar;C:\Program Files\Java\jdk1.8.0_261\jre\lib\jfxswt.jar;C:\Program Files\Java\jdk1.8.0_261\jre\lib\jsse.jar;C:\Program Files\Java\jdk1.8.0_261\jre\lib\management-agent.jar;C:\Program Files\Java\jdk1.8.0_261\jre\lib\plugin.jar;C:\Program Files\Java\jdk1.8.0_261\jre\lib\resources.jar;C:\Program Files\Java\jdk1.8.0_261\jre\lib\rt.jar;C:\Users\11983\Desktop\SpringSecu\target\classes;C:\Users\11983\.m2\repository\org\springframework\boot\spring-boot-starter-security\2.4.5\spring-boot-starter-security-2.4.5.jar;C:\Users\11983\.m2\repository\org\springframework\boot\spring-boot-starter\2.4.5\spring-boot-starter-2.4.5.jar;C:\Users\11983\.m2\repository\org\springframework\boot\spring-boot-starter-logging\2.4.5\spring-boot-starter-logging-2.4.5.jar;C:\Users\11983\.m2\repository\ch\qos\logback\logback-classic\1.2.3\logback-classic-1.2.3.jar;C:\Users\11983\.m2\repository\ch\qos\logback\logback-core\1.2.3\logback-core-1.2.3.jar;C:\Users\11983\.m2\repository\org\apache\logging\log4
Launcher Type: SUN_STANDARD

Environment Variables:
PATH=C:\Program Files (x86)\NetSarang\Xshell 6\;C:\Program Files (x86)\NetSarang\Xftp 6\;C:\Program Files\Java\jdk1.8.0_261\bin;C:\Windows\system32;C:\Windows;C:\Windows\System32\Wbem;C:\Windows\System32\WindowsPowerShell\v1.0\;C:\Windows\System32\OpenSSH\;C:\Users\11983\Desktop\tools\apache-maven-3.6.3\bin;C:\Program Files\Git\cmd;;C:\Program Files\Docker\Docker\resources\bin;C:\ProgramData\DockerDesktop\version-bin;C:\Program Files\nodejs\;C:\Users\11983\AppData\Local\Programs\Python\Python38-32\Scripts\;C:\Users\11983\AppData\Local\Programs\Python\Python38-32\;C:\Users\11983\AppData\Local\Microsoft\WindowsApps;C:\Program Files\Bandizip\;C:\Users\11983\AppData\Local\Programs\Microsoft VS Code\bin;C:\Users\11983\AppData\Roaming\npm
USERNAME=11983
OS=Windows_NT
PROCESSOR_IDENTIFIER=Intel64 Family 6 Model 60 Stepping 3, GenuineIntel



---------------  S Y S T E M  ---------------

OS: Windows 10.0 , 64 bit Build 19041 (10.0.19041.928)

CPU:total 4 (initial active 4) (4 cores per cpu, 1 threads per core) family 6 model 60 stepping 3, cmov, cx8, fxsr, mmx, sse, sse2, sse3, ssse3, sse4.1, sse4.2, popcnt, avx, avx2, aes, clmul, erms, lzcnt, tsc, tscinvbit, bmi1, bmi2

Memory: 4k page, physical 8256032k(1172040k free), swap 15976444k(2252352k free)

vm_info: Java HotSpot(TM) 64-Bit Server VM (25.261-b12) for windows-amd64 JRE (1.8.0_261-b12), built on Jun 18 2020 06:56:32 by "" with unknown MS VC++:1916

time: Mon May 10 22:29:17 2021
timezone: 中国标准时间
elapsed time: 3 seconds (0d 0h 0m 3s)

